app/build/intermediates/manifest_merge_blame_file/debug/manifest-merger-blame-debug-report.txt
1<?xml version="1.0" encoding="utf-8"?>
2<manifest xmlns:android="http://schemas.android.com/apk/res/android"
3    package="com.example.examenu1"
4    android:versionCode="1"
5    android:versionName="1.0" >
6
7    <uses-sdk
8        android:minSdkVersion="19"
8-->src/main/AndroidManifest.xml
9        android:targetSdkVersion="30" />
9-->src/main/AndroidManifest.xml
10
11    <uses-permission android:name="android.permission.CAMERA" />
11-->src/main/AndroidManifest.xml:5:5-65
11-->src/main/AndroidManifest.xml:5:22-62
12    <uses-permission android:name="android.permission.FLASHLIGHT" />
12-->src/main/AndroidManifest.xml:6:5-69
12-->src/main/AndroidManifest.xml:6:22-66
13    <uses-permission android:name="android.permission.CAMERA" />
13-->src/main/AndroidManifest.xml:5:5-65
13-->src/main/AndroidManifest.xml:5:22-62
14
15    <uses-feature
15-->src/main/AndroidManifest.xml:9:5-11:35
16        android:name="android.hardware.Camera"
16-->src/main/AndroidManifest.xml:10:9-47
17        android:required="true" />
17-->src/main/AndroidManifest.xml:11:9-32
18
19    <uses-permission android:name="android.permission.WRITE_EXTERNAL_STORAGE" />
19-->src/main/AndroidManifest.xml:13:5-81
19-->src/main/AndroidManifest.xml:13:22-78
20    <uses-permission android:name="android.permission.READ_EXTERNAL_STORAGE" />
20-->src/main/AndroidManifest.xml:14:5-80
20-->src/main/AndroidManifest.xml:14:22-77
21
22    <uses-feature android:name="android.hardware.camera.autofocus" />
22-->src/main/AndroidManifest.xml:16:5-70
22-->src/main/AndroidManifest.xml:16:19-67
23    <uses-feature android:name="android.hardware.camera.flash" />
23-->src/main/AndroidManifest.xml:17:5-66
23-->src/main/AndroidManifest.xml:17:19-63
24    <uses-feature
24-->src/main/AndroidManifest.xml:18:5-20:35
25        android:name="android.hardware.camera"
25-->src/main/AndroidManifest.xml:19:9-47
26        android:required="true" />
26-->src/main/AndroidManifest.xml:20:9-32
27
28    <!-- Include required permissions for Google Maps API to run. -->
29    <uses-permission android:name="android.permission.ACCESS_NETWORK_STATE" />
29-->[com.google.android.gms:play-services-maps:17.0.1] AndroidManifest.xml:23:5-79
29-->[com.google.android.gms:play-services-maps:17.0.1] AndroidManifest.xml:23:22-76
30    <uses-permission android:name="android.permission.INTERNET" />
30-->[com.google.android.gms:play-services-maps:17.0.1] AndroidManifest.xml:24:5-67
30-->[com.google.android.gms:play-services-maps:17.0.1] AndroidManifest.xml:24:22-64
31
32    <uses-feature
32-->[com.google.android.gms:play-services-maps:17.0.1] AndroidManifest.xml:26:5-28:35
33        android:glEsVersion="0x00020000"
33-->[com.google.android.gms:play-services-maps:17.0.1] AndroidManifest.xml:27:9-41
34        android:required="true" />
34-->[com.google.android.gms:play-services-maps:17.0.1] AndroidManifest.xml:28:9-32
35
36    <queries>
36-->[com.google.android.gms:play-services-maps:17.0.1] AndroidManifest.xml:30:5-34:15
37
38        <!-- Needs to be explicitly declared on Android R+ -->
39        <package android:name="com.google.android.apps.maps" />
39-->[com.google.android.gms:play-services-maps:17.0.1] AndroidManifest.xml:33:9-64
39-->[com.google.android.gms:play-services-maps:17.0.1] AndroidManifest.xml:33:18-61
40    </queries>
41
42    <application
42-->src/main/AndroidManifest.xml:22:5-46:19
43        android:allowBackup="true"
43-->src/main/AndroidManifest.xml:23:9-35
44        android:appComponentFactory="androidx.core.app.CoreComponentFactory"
44-->[androidx.core:core:1.3.1] AndroidManifest.xml:24:18-86
45        android:debuggable="true"
46        android:icon="@drawable/ivan"
46-->src/main/AndroidManifest.xml:24:9-38
47        android:label="DMT1EvaluacinPrctica "
47-->src/main/AndroidManifest.xml:25:9-46
48        android:roundIcon="@drawable/ivan"
48-->src/main/AndroidManifest.xml:26:9-43
49        android:supportsRtl="true"
49-->src/main/AndroidManifest.xml:27:9-35
50        android:testOnly="true"
51        android:theme="@style/Theme.ExamenU1" >
51-->src/main/AndroidManifest.xml:28:9-46
52        <activity android:name="com.example.examenu1.Camara" />
52-->src/main/AndroidManifest.xml:29:9-30:38
52-->src/main/AndroidManifest.xml:30:13-35
53        <activity android:name="com.example.examenu1.linterna" />
53-->src/main/AndroidManifest.xml:31:9-32:40
53-->src/main/AndroidManifest.xml:32:13-37
54        <activity android:name="com.example.examenu1.Television" />
54-->src/main/AndroidManifest.xml:33:9-34:42
54-->src/main/AndroidManifest.xml:34:13-39
55        <activity android:name="com.example.examenu1.AcercaDe" />
55-->src/main/AndroidManifest.xml:35:9-46
55-->src/main/AndroidManifest.xml:35:19-43
56        <activity android:name="com.example.examenu1.PestanaMenu" />
56-->src/main/AndroidManifest.xml:36:9-49
56-->src/main/AndroidManifest.xml:36:19-46
57        <activity android:name="com.example.examenu1.Bienvenida" />
57-->src/main/AndroidManifest.xml:37:9-48
57-->src/main/AndroidManifest.xml:37:19-45
58        <activity android:name="com.example.examenu1.MainActivity" >
58-->src/main/AndroidManifest.xml:38:9-45:20
58-->src/main/AndroidManifest.xml:38:19-47
59            <intent-filter>
59-->src/main/AndroidManifest.xml:40:13-44:29
60                <action android:name="android.intent.action.MAIN" />
60-->src/main/AndroidManifest.xml:41:17-69
60-->src/main/AndroidManifest.xml:41:25-66
61
62                <category android:name="android.intent.category.LAUNCHER" />
62-->src/main/AndroidManifest.xml:43:17-77
62-->src/main/AndroidManifest.xml:43:27-74
63            </intent-filter>
64        </activity>
65        <!-- Needs to be explicitly declared on P+ -->
66        <uses-library
66-->[com.google.android.gms:play-services-maps:17.0.1] AndroidManifest.xml:39:9-41:40
67            android:name="org.apache.http.legacy"
67-->[com.google.android.gms:play-services-maps:17.0.1] AndroidManifest.xml:40:13-50
68            android:required="false" />
68-->[com.google.android.gms:play-services-maps:17.0.1] AndroidManifest.xml:41:13-37
69
70        <activity
70-->[com.google.android.gms:play-services-base:17.5.0] AndroidManifest.xml:23:9-26:75
71            android:name="com.google.android.gms.common.api.GoogleApiActivity"
71-->[com.google.android.gms:play-services-base:17.5.0] AndroidManifest.xml:24:13-79
72            android:exported="false"
72-->[com.google.android.gms:play-services-base:17.5.0] AndroidManifest.xml:25:13-37
73            android:theme="@android:style/Theme.Translucent.NoTitleBar" />
73-->[com.google.android.gms:play-services-base:17.5.0] AndroidManifest.xml:26:13-72
74
75        <meta-data
75-->[com.google.android.gms:play-services-basement:17.5.0] AndroidManifest.xml:23:9-25:69
76            android:name="com.google.android.gms.version"
76-->[com.google.android.gms:play-services-basement:17.5.0] AndroidManifest.xml:24:13-58
77            android:value="@integer/google_play_services_version" />
77-->[com.google.android.gms:play-services-basement:17.5.0] AndroidManifest.xml:25:13-66
78    </application>
79
80</manifest>